# JRE version: Java(TM) SE Runtime Environment (7.0_45-b18) (build 1.7.0_45-b18)
# Java VM: Java HotSpot(TM) 64-Bit Server VM (24.45-b08 mixed mode linux-amd64 compressed oops)
Heap
 PSYoungGen      total 52736K, used 26160K [0x00000000e1680000, 0x00000000e4d80000, 0x0000000100000000)
  eden space 49152K, 45% used [0x00000000e1680000,0x00000000e2c8e4c0,0x00000000e4680000)
  from space 3584K, 99% used [0x00000000e4a00000,0x00000000e4d7dcb8,0x00000000e4d80000)
  to   space 3584K, 0% used [0x00000000e4680000,0x00000000e4680000,0x00000000e4a00000)
 ParOldGen       total 62464K, used 5558K [0x00000000a4400000, 0x00000000a8100000, 0x00000000e1680000)
  object space 62464K, 8% used [0x00000000a4400000,0x00000000a496db60,0x00000000a8100000)
 PSPermGen       total 21504K, used 18350K [0x000000009f200000, 0x00000000a0700000, 0x00000000a4400000)
  object space 21504K, 85% used [0x000000009f200000,0x00000000a03eb9b0,0x00000000a0700000)
GC Heap History (4 events):
Event: 0,756 GC heap before
{Heap before GC invocations=1 (full 0):
 PSYoungGen      total 28160K, used 24576K [0x00000000e1680000, 0x00000000e3580000, 0x0000000100000000)
  eden space 24576K, 100% used [0x00000000e1680000,0x00000000e2e80000,0x00000000e2e80000)
  from space 3584K, 0% used [0x00000000e3200000,0x00000000e3200000,0x00000000e3580000)
  to   space 3584K, 0% used [0x00000000e2e80000,0x00000000e2e80000,0x00000000e3200000)
 ParOldGen       total 62464K, used 0K [0x00000000a4400000, 0x00000000a8100000, 0x00000000e1680000)
  object space 62464K, 0% used [0x00000000a4400000,0x00000000a4400000,0x00000000a8100000)
 PSPermGen       total 21504K, used 11039K [0x000000009f200000, 0x00000000a0700000, 0x00000000a4400000)
  object space 21504K, 51% used [0x000000009f200000,0x000000009fcc7f60,0x00000000a0700000)
Event: 0,767 GC heap after
Heap after GC invocations=1 (full 0):
 PSYoungGen      total 28160K, used 3582K [0x00000000e1680000, 0x00000000e4d80000, 0x0000000100000000)
  eden space 24576K, 0% used [0x00000000e1680000,0x00000000e1680000,0x00000000e2e80000)
  from space 3584K, 99% used [0x00000000e2e80000,0x00000000e31ffa70,0x00000000e3200000)
  to   space 3584K, 0% used [0x00000000e4a00000,0x00000000e4a00000,0x00000000e4d80000)
 ParOldGen       total 62464K, used 3060K [0x00000000a4400000, 0x00000000a8100000, 0x00000000e1680000)
  object space 62464K, 4% used [0x00000000a4400000,0x00000000a46fd1f8,0x00000000a8100000)
 PSPermGen       total 21504K, used 11039K [0x000000009f200000, 0x00000000a0700000, 0x00000000a4400000)
  object space 21504K, 51% used [0x000000009f200000,0x000000009fcc7f60,0x00000000a0700000)
}
Event: 1,395 GC heap before
{Heap before GC invocations=2 (full 0):
 PSYoungGen      total 28160K, used 28158K [0x00000000e1680000, 0x00000000e4d80000, 0x0000000100000000)
  eden space 24576K, 100% used [0x00000000e1680000,0x00000000e2e80000,0x00000000e2e80000)
  from space 3584K, 99% used [0x00000000e2e80000,0x00000000e31ffa70,0x00000000e3200000)
  to   space 3584K, 0% used [0x00000000e4a00000,0x00000000e4a00000,0x00000000e4d80000)
 ParOldGen       total 62464K, used 3060K [0x00000000a4400000, 0x00000000a8100000, 0x00000000e1680000)
  object space 62464K, 4% used [0x00000000a4400000,0x00000000a46fd1f8,0x00000000a8100000)
 PSPermGen       total 21504K, used 16331K [0x000000009f200000, 0x00000000a0700000, 0x00000000a4400000)
  object space 21504K, 75% used [0x000000009f200000,0x00000000a01f2d28,0x00000000a0700000)
Event: 1,404 GC heap after
Heap after GC invocations=2 (full 0):
 PSYoungGen      total 52736K, used 3575K [0x00000000e1680000, 0x00000000e4d80000, 0x0000000100000000)
  eden space 49152K, 0% used [0x00000000e1680000,0x00000000e1680000,0x00000000e4680000)
  from space 3584K, 99% used [0x00000000e4a00000,0x00000000e4d7dcb8,0x00000000e4d80000)
  to   space 3584K, 0% used [0x00000000e4680000,0x00000000e4680000,0x00000000e4a00000)
 ParOldGen       total 62464K, used 5558K [0x00000000a4400000, 0x00000000a8100000, 0x00000000e1680000)
  object space 62464K, 8% used [0x00000000a4400000,0x00000000a496db60,0x00000000a8100000)
 PSPermGen       total 21504K, used 16331K [0x000000009f200000, 0x00000000a0700000, 0x00000000a4400000)
  object space 21504K, 75% used [0x000000009f200000,0x00000000a01f2d28,0x00000000a0700000)
}

